#
# There is insufficient memory for the Java Runtime Environment to continue.
# Native memory allocation (malloc) failed to allocate 1048576 bytes for AllocateHeap
# Possible reasons:
#   The system is out of physical RAM or swap space
#   The process is running with CompressedOops enabled, and the Java Heap may be blocking the growth of the native heap
# Possible solutions:
#   Reduce memory load on the system
#   Increase physical memory or swap space
#   Check if swap backing store is full
#   Decrease Java heap size (-Xmx/-Xms)
#   Decrease number of Java threads
#   Decrease Java thread stack sizes (-Xss)
#   Set larger code cache with -XX:ReservedCodeCacheSize=
#   JVM is running with Unscaled Compressed Oops mode in which the Java heap is
#     placed in the first 4GB address space. The Java Heap base address is the
#     maximum limit for the native heap growth. Please use -XX:HeapBaseMinAddress
#     to set the Java Heap base and to place the Java Heap above 4GB virtual address.
# This output file may be truncated or incomplete.
#
#  Out of Memory Error (./open/src/hotspot/share/memory/allocation.cpp:44), pid=1512, tid=248
#
# JRE version: Java(TM) SE Runtime Environment (15.0.2+7) (build 15.0.2+7-27)
# Java VM: Java HotSpot(TM) 64-Bit Server VM (15.0.2+7-27, mixed mode, sharing, tiered, compressed oops, g1 gc, windows-amd64)
# No core dump will be written. Minidumps are not enabled by default on client versions of Windows
#

---------------  S U M M A R Y ------------

Command Line: -javaagent:C:\Program Files\JetBrains\IntelliJ IDEA 2023.3.3\lib\idea_rt.jar=50169:C:\Program Files\JetBrains\IntelliJ IDEA 2023.3.3\bin -Dfile.encoding=UTF-8 --module-path=C:\Users\GTO\IdeaProjects\TAP2024\target\classes;C:\Users\GTO\.m2\repository\org\openjfx\javafx-fxml\17.0.6\javafx-fxml-17.0.6-win.jar;C:\Users\GTO\.m2\repository\com\mysql\mysql-connector-j\8.0.32\mysql-connector-j-8.0.32.jar;C:\Users\GTO\.m2\repository\org\openjfx\javafx-base\17.0.6\javafx-base-17.0.6-win.jar;C:\Users\GTO\.m2\repository\org\openjfx\javafx-graphics\17.0.6\javafx-graphics-17.0.6-win.jar;C:\Users\GTO\.m2\repository\org\openjfx\javafx-controls\17.0.6\javafx-controls-17.0.6-win.jar -Djdk.module.main=com.example.tap2024 com.example.tap2024/com.example.tap2024.HelloApplication

Host: Intel(R) Core(TM) i3-8145U CPU @ 2.10GHz, 4 cores, 7G,  Windows 10 , 64 bit Build 19041 (10.0.19041.3636)
Time: Sat Mar  2 00:08:49 2024 Hora estándar central (México) elapsed time: 1.470318 seconds (0d 0h 0m 1s)

---------------  T H R E A D  ---------------

Current thread (0x000001be276cf260):  VMThread "VM Thread" [stack: 0x0000003236100000,0x0000003236200000] [id=248]

Stack: [0x0000003236100000,0x0000003236200000]
[error occurred during error reporting (printing stack bounds), id 0xc0000005, EXCEPTION_ACCESS_VIOLATION (0xc0000005) at pc=0x000001be116e10ad]

Native frames: (J=compiled Java code, j=interpreted, Vv=VM code, C=native code)
V  [jvm.dll+0x62ae9a]
V  [jvm.dll+0x7817a9]
V  [jvm.dll+0x782f03]
V  [jvm.dll+0x7834c5]
V  [jvm.dll+0x78347b]
V  [jvm.dll+0x62a2b9]
V  [jvm.dll+0x62aa88]
C  [ntdll.dll+0xa23af]
C  [ntdll.dll+0x514b4]
C  [ntdll.dll+0xa0ebe]
C  0x000001be116e10ad

VM_Operation (0x00000032372fd090): CollectForMetadataAllocation, mode: safepoint, requested by thread 0x000001be2881b930


---------------  P R O C E S S  ---------------

Threads class SMR info:
_java_thread_list=0x000001be289e4fc0, length=17, elements={
0x000001be094a94e0, 0x000001be276d3690, 0x000001be276d4a00, 0x000001be276e8350,
0x000001be276ecd30, 0x000001be276ed7e0, 0x000001be276ef5d0, 0x000001be276f0170,
0x000001be2772dfc0, 0x000001be280fd980, 0x000001be28510d90, 0x000001be28331d30,
0x000001be2820bcc0, 0x000001be287fc550, 0x000001be2881b930, 0x000001be28a22ac0,
0x000001be28a1bc40
}

Java Threads: ( => current thread )
  0x000001be094a94e0 JavaThread "main" [_thread_blocked, id=8992, stack(0x0000003235b00000,0x0000003235c00000)]
  0x000001be276d3690 JavaThread "Reference Handler" daemon [_thread_blocked, id=11700, stack(0x0000003236200000,0x0000003236300000)]
  0x000001be276d4a00 JavaThread "Finalizer" daemon [_thread_blocked, id=10260, stack(0x0000003236300000,0x0000003236400000)]
  0x000001be276e8350 JavaThread "Signal Dispatcher" daemon [_thread_blocked, id=11288, stack(0x0000003236400000,0x0000003236500000)]
  0x000001be276ecd30 JavaThread "Attach Listener" daemon [_thread_blocked, id=3016, stack(0x0000003236500000,0x0000003236600000)]
  0x000001be276ed7e0 JavaThread "Service Thread" daemon [_thread_blocked, id=10448, stack(0x0000003236600000,0x0000003236700000)]
  0x000001be276ef5d0 JavaThread "C2 CompilerThread0" daemon [_thread_blocked, id=9828, stack(0x0000003236700000,0x0000003236800000)]
  0x000001be276f0170 JavaThread "C1 CompilerThread0" daemon [_thread_blocked, id=3224, stack(0x0000003236800000,0x0000003236900000)]
  0x000001be2772dfc0 JavaThread "Sweeper thread" daemon [_thread_blocked, id=11752, stack(0x0000003236900000,0x0000003236a00000)]
  0x000001be280fd980 JavaThread "Common-Cleaner" daemon [_thread_blocked, id=6860, stack(0x0000003236a00000,0x0000003236b00000)]
  0x000001be28510d90 JavaThread "Monitor Ctrl-Break" daemon [_thread_in_native, id=5976, stack(0x0000003236c00000,0x0000003236d00000)]
  0x000001be28331d30 JavaThread "Notification Thread" daemon [_thread_blocked, id=4864, stack(0x0000003236d00000,0x0000003236e00000)]
  0x000001be2820bcc0 JavaThread "QuantumRenderer-0" daemon [_thread_blocked, id=6580, stack(0x0000003236b00000,0x0000003236c00000)]
  0x000001be287fc550 JavaThread "InvokeLaterDispatcher" daemon [_thread_blocked, id=10916, stack(0x0000003237100000,0x0000003237200000)]
  0x000001be2881b930 JavaThread "JavaFX Application Thread" [_thread_blocked, id=12056, stack(0x0000003237200000,0x0000003237300000)]
  0x000001be28a22ac0 JavaThread "Thread-1" daemon [_thread_blocked, id=11860, stack(0x0000003237600000,0x0000003237700000)]
  0x000001be28a1bc40 JavaThread "JavaFX-Launcher" [_thread_blocked, id=5008, stack(0x0000003237700000,0x0000003237800000)]

Other Threads:
=>0x000001be276cf260 VMThread "VM Thread" [stack: 0x0000003236100000,0x0000003236200000] [id=248]
  0x000001be285ab560 WatcherThread [stack: 0x0000003236e00000,0x0000003236f00000] [id=11124]
  0x000001be094e8810 GCTaskThread "GC Thread#0" [stack: 0x0000003235c00000,0x0000003235d00000] [id=11644]
  0x000001be28514890 GCTaskThread "GC Thread#1" [stack: 0x0000003236f00000,0x0000003237000000] [id=4376]
  0x000001be28513240 GCTaskThread "GC Thread#2" [stack: 0x0000003237000000,0x0000003237100000] [id=3188]
  0x000001be285138a0 GCTaskThread "GC Thread#3" [stack: 0x0000003237800000,0x0000003237900000] [id=10872]
  0x000001be094f97a0 ConcurrentGCThread "G1 Main Marker" [stack: 0x0000003235d00000,0x0000003235e00000] [id=11552]
  0x000001be094fa410 ConcurrentGCThread "G1 Conc#0" [stack: 0x0000003235e00000,0x0000003235f00000] [id=3516]
  0x000001be09572f80 ConcurrentGCThread "G1 Refine#0" [stack: 0x0000003235f00000,0x0000003236000000] [id=6628]
  0x000001be09574b90 ConcurrentGCThread "G1 Young RemSet Sampling" [stack: 0x0000003236000000,0x0000003236100000] [id=8984]

Threads with active compile tasks:
C2 CompilerThread0     1504 1017       4       java.lang.StringCoding::newStringUTF8NoRepl (56 bytes)

VM state: at safepoint (normal execution)

VM Mutex/Monitor currently owned by a thread:  ([mutex/lock_event])
[0x000001be094a4640] Threads_lock - owner thread: 0x000001be276cf260
[0x000001be094a38c0] Heap_lock - owner thread: 0x000001be2881b930

Heap address: 0x0000000081a00000, size: 2022 MB, Compressed Oops mode: 32-bit
CDS archive(s) mapped at: [0x0000000800000000-0x0000000800b50000-0x0000000800b50000), size 11862016, SharedBaseAddress: 0x0000000800000000, ArchiveRelocationMode: 0.
Compressed class space mapped at: 0x0000000800b50000-0x0000000840b50000, size: 1073741824
Narrow klass base: 0x0000000800000000, Narrow klass shift: 3, Narrow klass range: 0x100000000

GC Precious Log:
 CPUs: 4 total, 4 available
 Memory: 8083M
 Large Page Support: Disabled
 NUMA Support: Disabled
 Compressed Oops: Enabled (32-bit)
 Heap Region Size: 1M
 Heap Min Capacity: 8M
 Heap Initial Capacity: 128M
 Heap Max Capacity: 2022M
 Pre-touch: Disabled
 Parallel Workers: 4
 Concurrent Workers: 1
 Concurrent Refinement Workers: 4
 Periodic GC: Disabled

Heap:
 garbage-first heap   total 131072K, used 3351K [0x0000000081a00000, 0x0000000100000000)
  region size 1024K, 2 young (2048K), 2 survivors (2048K)
 Metaspace       used 5818K, capacity 7438K, committed 7552K, reserved 1064960K
  class space    used 706K, capacity 832K, committed 896K, reserved 1048576K

Heap Regions: E=young(eden), S=young(survivor), O=old, HS=humongous(starts), HC=humongous(continues), CS=collection set, F=free, OA=open archive, CA=closed archive, TAMS=top-at-mark-start (previous, next)
|   0|0x0000000081a00000, 0x0000000081b00000, 0x0000000081b00000|100%| O|  |TAMS 0x0000000081a00000, 0x0000000081a2d600| Untracked 
|   1|0x0000000081b00000, 0x0000000081c00000, 0x0000000081c00000|100%| O|  |TAMS 0x0000000081b00000, 0x0000000081b00000| Untracked 
|   2|0x0000000081c00000, 0x0000000081c33e00, 0x0000000081d00000| 20%| O|  |TAMS 0x0000000081c00000, 0x0000000081c00000| Untracked 
|   3|0x0000000081d00000, 0x0000000081d00000, 0x0000000081e00000|  0%| F|  |TAMS 0x0000000081d00000, 0x0000000081d00000| Untracked 
|   4|0x0000000081e00000, 0x0000000081e00000, 0x0000000081f00000|  0%| F|  |TAMS 0x0000000081e00000, 0x0000000081e00000| Untracked 
|   5|0x0000000081f00000, 0x0000000081f00000, 0x0000000082000000|  0%| F|  |TAMS 0x0000000081f00000, 0x0000000081f00000| Untracked 
|   6|0x0000000082000000, 0x0000000082000000, 0x0000000082100000|  0%| F|  |TAMS 0x0000000082000000, 0x0000000082000000| Untracked 
|   7|0x0000000082100000, 0x0000000082100000, 0x0000000082200000|  0%| F|  |TAMS 0x0000000082100000, 0x0000000082100000| Untracked 
|   8|0x0000000082200000, 0x0000000082200000, 0x0000000082300000|  0%| F|  |TAMS 0x0000000082200000, 0x0000000082200000| Untracked 
|   9|0x0000000082300000, 0x0000000082300000, 0x0000000082400000|  0%| F|  |TAMS 0x0000000082300000, 0x0000000082300000| Untracked 
|  10|0x0000000082400000, 0x0000000082400000, 0x0000000082500000|  0%| F|  |TAMS 0x0000000082400000, 0x0000000082400000| Untracked 
|  11|0x0000000082500000, 0x0000000082500000, 0x0000000082600000|  0%| F|  |TAMS 0x0000000082500000, 0x0000000082500000| Untracked 
|  12|0x0000000082600000, 0x0000000082600000, 0x0000000082700000|  0%| F|  |TAMS 0x0000000082600000, 0x0000000082600000| Untracked 
|  13|0x0000000082700000, 0x0000000082700000, 0x0000000082800000|  0%| F|  |TAMS 0x0000000082700000, 0x0000000082700000| Untracked 
|  14|0x0000000082800000, 0x0000000082800000, 0x0000000082900000|  0%| F|  |TAMS 0x0000000082800000, 0x0000000082800000| Untracked 
|  15|0x0000000082900000, 0x0000000082900000, 0x0000000082a00000|  0%| F|  |TAMS 0x0000000082900000, 0x0000000082900000| Untracked 
|  16|0x0000000082a00000, 0x0000000082a00000, 0x0000000082b00000|  0%| F|  |TAMS 0x0000000082a00000, 0x0000000082a00000| Untracked 
|  17|0x0000000082b00000, 0x0000000082b00000, 0x0000000082c00000|  0%| F|  |TAMS 0x0000000082b00000, 0x0000000082b00000| Untracked 
|  18|0x0000000082c00000, 0x0000000082c00000, 0x0000000082d00000|  0%| F|  |TAMS 0x0000000082c00000, 0x0000000082c00000| Untracked 
|  19|0x0000000082d00000, 0x0000000082d00000, 0x0000000082e00000|  0%| F|  |TAMS 0x0000000082d00000, 0x0000000082d00000| Untracked 
|  20|0x0000000082e00000, 0x0000000082e00000, 0x0000000082f00000|  0%| F|  |TAMS 0x0000000082e00000, 0x0000000082e00000| Untracked 
|  21|0x0000000082f00000, 0x0000000082f00000, 0x0000000083000000|  0%| F|  |TAMS 0x0000000082f00000, 0x0000000082f00000| Untracked 
|  22|0x0000000083000000, 0x0000000083000000, 0x0000000083100000|  0%| F|  |TAMS 0x0000000083000000, 0x0000000083000000| Untracked 
|  23|0x0000000083100000, 0x0000000083100000, 0x0000000083200000|  0%| F|  |TAMS 0x0000000083100000, 0x0000000083100000| Untracked 
|  24|0x0000000083200000, 0x0000000083200000, 0x0000000083300000|  0%| F|  |TAMS 0x0000000083200000, 0x0000000083200000| Untracked 
|  25|0x0000000083300000, 0x0000000083300000, 0x0000000083400000|  0%| F|  |TAMS 0x0000000083300000, 0x0000000083300000| Untracked 
|  26|0x0000000083400000, 0x0000000083400000, 0x0000000083500000|  0%| F|  |TAMS 0x0000000083400000, 0x0000000083400000| Untracked 
|  27|0x0000000083500000, 0x0000000083500000, 0x0000000083600000|  0%| F|  |TAMS 0x0000000083500000, 0x0000000083500000| Untracked 
|  28|0x0000000083600000, 0x0000000083600000, 0x0000000083700000|  0%| F|  |TAMS 0x0000000083600000, 0x0000000083600000| Untracked 
|  29|0x0000000083700000, 0x0000000083700000, 0x0000000083800000|  0%| F|  |TAMS 0x0000000083700000, 0x0000000083700000| Untracked 
|  30|0x0000000083800000, 0x0000000083800000, 0x0000000083900000|  0%| F|  |TAMS 0x0000000083800000, 0x0000000083800000| Untracked 
|  31|0x0000000083900000, 0x0000000083900000, 0x0000000083a00000|  0%| F|  |TAMS 0x0000000083900000, 0x0000000083900000| Untracked 
|  32|0x0000000083a00000, 0x0000000083a00000, 0x0000000083b00000|  0%| F|  |TAMS 0x0000000083a00000, 0x0000000083a00000| Untracked 
|  33|0x0000000083b00000, 0x0000000083b00000, 0x0000000083c00000|  0%| F|  |TAMS 0x0000000083b00000, 0x0000000083b00000| Untracked 
|  34|0x0000000083c00000, 0x0000000083c00000, 0x0000000083d00000|  0%| F|  |TAMS 0x0000000083c00000, 0x0000000083c00000| Untracked 
|  35|0x0000000083d00000, 0x0000000083d00000, 0x0000000083e00000|  0%| F|  |TAMS 0x0000000083d00000, 0x0000000083d00000| Untracked 
|  36|0x0000000083e00000, 0x0000000083e00000, 0x0000000083f00000|  0%| F|  |TAMS 0x0000000083e00000, 0x0000000083e00000| Untracked 
|  37|0x0000000083f00000, 0x0000000083f00000, 0x0000000084000000|  0%| F|  |TAMS 0x0000000083f00000, 0x0000000083f00000| Untracked 
|  38|0x0000000084000000, 0x0000000084000000, 0x0000000084100000|  0%| F|  |TAMS 0x0000000084000000, 0x0000000084000000| Untracked 
|  39|0x0000000084100000, 0x0000000084100000, 0x0000000084200000|  0%| F|  |TAMS 0x0000000084100000, 0x0000000084100000| Untracked 
|  40|0x0000000084200000, 0x0000000084200000, 0x0000000084300000|  0%| F|  |TAMS 0x0000000084200000, 0x0000000084200000| Untracked 
|  41|0x0000000084300000, 0x0000000084300000, 0x0000000084400000|  0%| F|  |TAMS 0x0000000084300000, 0x0000000084300000| Untracked 
|  42|0x0000000084400000, 0x0000000084400000, 0x0000000084500000|  0%| F|  |TAMS 0x0000000084400000, 0x0000000084400000| Untracked 
|  43|0x0000000084500000, 0x0000000084500000, 0x0000000084600000|  0%| F|  |TAMS 0x0000000084500000, 0x0000000084500000| Untracked 
|  44|0x0000000084600000, 0x0000000084600000, 0x0000000084700000|  0%| F|  |TAMS 0x0000000084600000, 0x0000000084600000| Untracked 
|  45|0x0000000084700000, 0x0000000084700000, 0x0000000084800000|  0%| F|  |TAMS 0x0000000084700000, 0x0000000084700000| Untracked 
|  46|0x0000000084800000, 0x0000000084800000, 0x0000000084900000|  0%| F|  |TAMS 0x0000000084800000, 0x0000000084800000| Untracked 
|  47|0x0000000084900000, 0x0000000084900000, 0x0000000084a00000|  0%| F|  |TAMS 0x0000000084900000, 0x0000000084900000| Untracked 
|  48|0x0000000084a00000, 0x0000000084a00000, 0x0000000084b00000|  0%| F|  |TAMS 0x0000000084a00000, 0x0000000084a00000| Untracked 
|  49|0x0000000084b00000, 0x0000000084b00000, 0x0000000084c00000|  0%| F|  |TAMS 0x0000000084b00000, 0x0000000084b00000| Untracked 
|  50|0x0000000084c00000, 0x0000000084c00000, 0x0000000084d00000|  0%| F|  |TAMS 0x0000000084c00000, 0x0000000084c00000| Untracked 
|  51|0x0000000084d00000, 0x0000000084d00000, 0x0000000084e00000|  0%| F|  |TAMS 0x0000000084d00000, 0x0000000084d00000| Untracked 
|  52|0x0000000084e00000, 0x0000000084e00000, 0x0000000084f00000|  0%| F|  |TAMS 0x0000000084e00000, 0x0000000084e00000| Untracked 
|  53|0x0000000084f00000, 0x0000000084f00000, 0x0000000085000000|  0%| F|  |TAMS 0x0000000084f00000, 0x0000000084f00000| Untracked 
|  54|0x0000000085000000, 0x0000000085000000, 0x0000000085100000|  0%| F|  |TAMS 0x0000000085000000, 0x0000000085000000| Untracked 
|  55|0x0000000085100000, 0x0000000085100000, 0x0000000085200000|  0%| F|  |TAMS 0x0000000085100000, 0x0000000085100000| Untracked 
|  56|0x0000000085200000, 0x0000000085200000, 0x0000000085300000|  0%| F|  |TAMS 0x0000000085200000, 0x0000000085200000| Untracked 
|  57|0x0000000085300000, 0x0000000085300000, 0x0000000085400000|  0%| F|  |TAMS 0x0000000085300000, 0x0000000085300000| Untracked 
|  58|0x0000000085400000, 0x0000000085400000, 0x0000000085500000|  0%| F|  |TAMS 0x0000000085400000, 0x0000000085400000| Untracked 
|  59|0x0000000085500000, 0x0000000085500000, 0x0000000085600000|  0%| F|  |TAMS 0x0000000085500000, 0x0000000085500000| Untracked 
|  60|0x0000000085600000, 0x0000000085600000, 0x0000000085700000|  0%| F|  |TAMS 0x0000000085600000, 0x0000000085600000| Untracked 
|  61|0x0000000085700000, 0x0000000085700000, 0x0000000085800000|  0%| F|  |TAMS 0x0000000085700000, 0x0000000085700000| Untracked 
|  62|0x0000000085800000, 0x0000000085800000, 0x0000000085900000|  0%| F|  |TAMS 0x0000000085800000, 0x0000000085800000| Untracked 
|  63|0x0000000085900000, 0x0000000085900000, 0x0000000085a00000|  0%| F|  |TAMS 0x0000000085900000, 0x0000000085900000| Untracked 
|  64|0x0000000085a00000, 0x0000000085a00000, 0x0000000085b00000|  0%| F|  |TAMS 0x0000000085a00000, 0x0000000085a00000| Untracked 
|  65|0x0000000085b00000, 0x0000000085b00000, 0x0000000085c00000|  0%| F|  |TAMS 0x0000000085b00000, 0x0000000085b00000| Untracked 
|  66|0x0000000085c00000, 0x0000000085c00000, 0x0000000085d00000|  0%| F|  |TAMS 0x0000000085c00000, 0x0000000085c00000| Untracked 
|  67|0x0000000085d00000, 0x0000000085d00000, 0x0000000085e00000|  0%| F|  |TAMS 0x0000000085d00000, 0x0000000085d00000| Untracked 
|  68|0x0000000085e00000, 0x0000000085e00000, 0x0000000085f00000|  0%| F|  |TAMS 0x0000000085e00000, 0x0000000085e00000| Untracked 
|  69|0x0000000085f00000, 0x0000000085f00000, 0x0000000086000000|  0%| F|  |TAMS 0x0000000085f00000, 0x0000000085f00000| Untracked 
|  70|0x0000000086000000, 0x0000000086000000, 0x0000000086100000|  0%| F|  |TAMS 0x0000000086000000, 0x0000000086000000| Untracked 
|  71|0x0000000086100000, 0x0000000086100000, 0x0000000086200000|  0%| F|  |TAMS 0x0000000086100000, 0x0000000086100000| Untracked 
|  72|0x0000000086200000, 0x0000000086200000, 0x0000000086300000|  0%| F|  |TAMS 0x0000000086200000, 0x0000000086200000| Untracked 
|  73|0x0000000086300000, 0x0000000086300000, 0x0000000086400000|  0%| F|  |TAMS 0x0000000086300000, 0x0000000086300000| Untracked 
|  74|0x0000000086400000, 0x0000000086400000, 0x0000000086500000|  0%| F|  |TAMS 0x0000000086400000, 0x0000000086400000| Untracked 
|  75|0x0000000086500000, 0x0000000086500000, 0x0000000086600000|  0%| F|  |TAMS 0x0000000086500000, 0x0000000086500000| Untracked 
|  76|0x0000000086600000, 0x0000000086600000, 0x0000000086700000|  0%| F|  |TAMS 0x0000000086600000, 0x0000000086600000| Untracked 
|  77|0x0000000086700000, 0x0000000086700000, 0x0000000086800000|  0%| F|  |TAMS 0x0000000086700000, 0x0000000086700000| Untracked 
|  78|0x0000000086800000, 0x0000000086800000, 0x0000000086900000|  0%| F|  |TAMS 0x0000000086800000, 0x0000000086800000| Untracked 
|  79|0x0000000086900000, 0x0000000086900000, 0x0000000086a00000|  0%| F|  |TAMS 0x0000000086900000, 0x0000000086900000| Untracked 
|  80|0x0000000086a00000, 0x0000000086a00000, 0x0000000086b00000|  0%| F|  |TAMS 0x0000000086a00000, 0x0000000086a00000| Untracked 
|  81|0x0000000086b00000, 0x0000000086b00000, 0x0000000086c00000|  0%| F|  |TAMS 0x0000000086b00000, 0x0000000086b00000| Untracked 
|  82|0x0000000086c00000, 0x0000000086c00000, 0x0000000086d00000|  0%| F|  |TAMS 0x0000000086c00000, 0x0000000086c00000| Untracked 
|  83|0x0000000086d00000, 0x0000000086d00000, 0x0000000086e00000|  0%| F|  |TAMS 0x0000000086d00000, 0x0000000086d00000| Untracked 
|  84|0x0000000086e00000, 0x0000000086e00000, 0x0000000086f00000|  0%| F|  |TAMS 0x0000000086e00000, 0x0000000086e00000| Untracked 
|  85|0x0000000086f00000, 0x0000000086f00000, 0x0000000087000000|  0%| F|  |TAMS 0x0000000086f00000, 0x0000000086f00000| Untracked 
|  86|0x0000000087000000, 0x0000000087000000, 0x0000000087100000|  0%| F|  |TAMS 0x0000000087000000, 0x0000000087000000| Untracked 
|  87|0x0000000087100000, 0x0000000087100000, 0x0000000087200000|  0%| F|  |TAMS 0x0000000087100000, 0x0000000087100000| Untracked 
|  88|0x0000000087200000, 0x0000000087200000, 0x0000000087300000|  0%| F|  |TAMS 0x0000000087200000, 0x0000000087200000| Untracked 
|  89|0x0000000087300000, 0x0000000087300000, 0x0000000087400000|  0%| F|  |TAMS 0x0000000087300000, 0x0000000087300000| Untracked 
|  90|0x0000000087400000, 0x0000000087400000, 0x0000000087500000|  0%| F|  |TAMS 0x0000000087400000, 0x0000000087400000| Untracked 
|  91|0x0000000087500000, 0x0000000087500000, 0x0000000087600000|  0%| F|  |TAMS 0x0000000087500000, 0x0000000087500000| Untracked 
|  92|0x0000000087600000, 0x0000000087600000, 0x0000000087700000|  0%| F|  |TAMS 0x0000000087600000, 0x0000000087600000| Untracked 
|  93|0x0000000087700000, 0x0000000087700000, 0x0000000087800000|  0%| F|  |TAMS 0x0000000087700000, 0x0000000087700000| Untracked 
|  94|0x0000000087800000, 0x0000000087800000, 0x0000000087900000|  0%| F|  |TAMS 0x0000000087800000, 0x0000000087800000| Untracked 
|  95|0x0000000087900000, 0x0000000087900000, 0x0000000087a00000|  0%| F|  |TAMS 0x0000000087900000, 0x0000000087900000| Untracked 
|  96|0x0000000087a00000, 0x0000000087a00000, 0x0000000087b00000|  0%| F|  |TAMS 0x0000000087a00000, 0x0000000087a00000| Untracked 
|  97|0x0000000087b00000, 0x0000000087b00000, 0x0000000087c00000|  0%| F|  |TAMS 0x0000000087b00000, 0x0000000087b00000| Untracked 
|  98|0x0000000087c00000, 0x0000000087c00000, 0x0000000087d00000|  0%| F|  |TAMS 0x0000000087c00000, 0x0000000087c00000| Untracked 
|  99|0x0000000087d00000, 0x0000000087d00000, 0x0000000087e00000|  0%| F|  |TAMS 0x0000000087d00000, 0x0000000087d00000| Untracked 
| 100|0x0000000087e00000, 0x0000000087e00000, 0x0000000087f00000|  0%| F|  |TAMS 0x0000000087e00000, 0x0000000087e00000| Untracked 
| 101|0x0000000087f00000, 0x0000000087f00000, 0x0000000088000000|  0%| F|  |TAMS 0x0000000087f00000, 0x0000000087f00000| Untracked 
| 102|0x0000000088000000, 0x0000000088000000, 0x0000000088100000|  0%| F|  |TAMS 0x0000000088000000, 0x0000000088000000| Untracked 
| 103|0x0000000088100000, 0x0000000088100000, 0x0000000088200000|  0%| F|  |TAMS 0x0000000088100000, 0x0000000088100000| Untracked 
| 104|0x0000000088200000, 0x0000000088200000, 0x0000000088300000|  0%| F|  |TAMS 0x0000000088200000, 0x0000000088200000| Untracked 
| 105|0x0000000088300000, 0x0000000088300000, 0x0000000088400000|  0%| F|  |TAMS 0x0000000088300000, 0x0000000088300000| Untracked 
| 106|0x0000000088400000, 0x0000000088400000, 0x0000000088500000|  0%| F|  |TAMS 0x0000000088400000, 0x0000000088400000| Untracked 
| 107|0x0000000088500000, 0x0000000088500000, 0x0000000088600000|  0%| F|  |TAMS 0x0000000088500000, 0x0000000088500000| Untracked 
| 108|0x0000000088600000, 0x0000000088600000, 0x0000000088700000|  0%| F|  |TAMS 0x0000000088600000, 0x0000000088600000| Untracked 
| 109|0x0000000088700000, 0x0000000088700000, 0x0000000088800000|  0%| F|  |TAMS 0x0000000088700000, 0x0000000088700000| Untracked 
| 110|0x0000000088800000, 0x0000000088800000, 0x0000000088900000|  0%| F|  |TAMS 0x0000000088800000, 0x0000000088800000| Untracked 
| 111|0x0000000088900000, 0x0000000088900000, 0x0000000088a00000|  0%| F|  |TAMS 0x0000000088900000, 0x0000000088900000| Untracked 
| 112|0x0000000088a00000, 0x0000000088a00000, 0x0000000088b00000|  0%| F|  |TAMS 0x0000000088a00000, 0x0000000088a00000| Untracked 
| 113|0x0000000088b00000, 0x0000000088b00000, 0x0000000088c00000|  0%| F|  |TAMS 0x0000000088b00000, 0x0000000088b00000| Untracked 
| 114|0x0000000088c00000, 0x0000000088c00000, 0x0000000088d00000|  0%| F|  |TAMS 0x0000000088c00000, 0x0000000088c00000| Untracked 
| 115|0x0000000088d00000, 0x0000000088d00000, 0x0000000088e00000|  0%| F|  |TAMS 0x0000000088d00000, 0x0000000088d00000| Untracked 
| 116|0x0000000088e00000, 0x0000000088e11fc0, 0x0000000088f00000|  7%| S|CS|TAMS 0x0000000088e00000, 0x0000000088e00000| Complete 
| 117|0x0000000088f00000, 0x0000000089000000, 0x0000000089000000|100%| S|CS|TAMS 0x0000000088f00000, 0x0000000088f00000| Complete 
| 118|0x0000000089000000, 0x0000000089000000, 0x0000000089100000|  0%| F|  |TAMS 0x0000000089000000, 0x0000000089000000| Untracked 
| 119|0x0000000089100000, 0x0000000089100000, 0x0000000089200000|  0%| F|  |TAMS 0x0000000089100000, 0x0000000089100000| Untracked 
| 120|0x0000000089200000, 0x0000000089200000, 0x0000000089300000|  0%| F|  |TAMS 0x0000000089200000, 0x0000000089200000| Untracked 
| 121|0x0000000089300000, 0x0000000089300000, 0x0000000089400000|  0%| F|  |TAMS 0x0000000089300000, 0x0000000089300000| Untracked 
| 122|0x0000000089400000, 0x0000000089400000, 0x0000000089500000|  0%| F|  |TAMS 0x0000000089400000, 0x0000000089400000| Untracked 
| 123|0x0000000089500000, 0x0000000089500000, 0x0000000089600000|  0%| F|  |TAMS 0x0000000089500000, 0x0000000089500000| Untracked 
| 124|0x0000000089600000, 0x0000000089600000, 0x0000000089700000|  0%| F|  |TAMS 0x0000000089600000, 0x0000000089600000| Untracked 
| 125|0x0000000089700000, 0x0000000089700000, 0x0000000089800000|  0%| F|  |TAMS 0x0000000089700000, 0x0000000089700000| Untracked 
| 126|0x0000000089800000, 0x0000000089800000, 0x0000000089900000|  0%| F|  |TAMS 0x0000000089800000, 0x0000000089800000| Untracked 
| 127|0x0000000089900000, 0x0000000089900000, 0x0000000089a00000|  0%| F|  |TAMS 0x0000000089900000, 0x0000000089900000| Untracked 

Card table byte_map: [0x000001be20ae0000,0x000001be20ee0000] _byte_map_base: 0x000001be206d3000

Marking Bits (Prev, Next): (CMBitMap*) 0x000001be094e9080, (CMBitMap*) 0x000001be094e90c0
 Prev Bits: [0x000001be212e0000, 0x000001be23278000)
 Next Bits: [0x000001be23280000, 0x000001be25218000)

Polling page: 0x000001be07390000

Metaspace:

Usage:
  Non-class:      6.45 MB capacity,     4.99 MB ( 77%) used,     1.45 MB ( 22%) free+waste,     9.94 KB ( <1%) overhead. 
      Class:    832.00 KB capacity,   706.52 KB ( 85%) used,   120.98 KB ( 15%) free+waste,     4.50 KB ( <1%) overhead. 
       Both:      7.26 MB capacity,     5.68 MB ( 78%) used,     1.57 MB ( 22%) free+waste,    14.44 KB ( <1%) overhead. 

Virtual space:
  Non-class space:       16.00 MB reserved,       6.50 MB ( 41%) committed 
      Class space:        1.00 GB reserved,     896.00 KB ( <1%) committed 
             Both:        1.02 GB reserved,       7.38 MB ( <1%) committed 

Chunk freelists:
   Non-Class:  50.00 KB
       Class:  0 bytes
        Both:  50.00 KB

MaxMetaspaceSize: 17179869184.00 GB
CompressedClassSpaceSize: 1.00 GB

CodeHeap 'non-profiled nmethods': size=120000Kb used=334Kb max_used=334Kb free=119665Kb
 bounds [0x000001be191b0000, 0x000001be19420000, 0x000001be206e0000]
CodeHeap 'profiled nmethods': size=120000Kb used=1601Kb max_used=1601Kb free=118398Kb
 bounds [0x000001be11c80000, 0x000001be11ef0000, 0x000001be191b0000]
CodeHeap 'non-nmethods': size=5760Kb used=1220Kb max_used=1236Kb free=4539Kb
 bounds [0x000001be116e0000, 0x000001be11950000, 0x000001be11c80000]
 total_blobs=1509 nmethods=1016 adapters=406
 compilation: enabled
              stopped_count=0, restarted_count=0
 full_count=0

Compilation events (20 events):
Event: 1.448 Thread 0x000001be276f0170 nmethod 1007 0x000001be11e0a810 code [0x000001be11e0a9a0, 0x000001be11e0ab58]
Event: 1.448 Thread 0x000001be276f0170 1008       3       java.security.SecureClassLoader$1::<init> (15 bytes)
Event: 1.448 Thread 0x000001be276f0170 nmethod 1008 0x000001be11e0ac10 code [0x000001be11e0adc0, 0x000001be11e0afd8]
Event: 1.448 Thread 0x000001be276f0170 1009       3       java.security.SecureClassLoader$CodeSourceKey::hashCode (21 bytes)
Event: 1.448 Thread 0x000001be276f0170 nmethod 1009 0x000001be11e0b090 code [0x000001be11e0b240, 0x000001be11e0b408]
Event: 1.448 Thread 0x000001be276f0170 1010       3       java.lang.ClassLoader::preDefineClass (119 bytes)
Event: 1.449 Thread 0x000001be276ef5d0 1016       4       java.util.zip.ZipCoder$UTF8ZipCoder::toString (12 bytes)
Event: 1.450 Thread 0x000001be276f0170 nmethod 1010 0x000001be11e0b510 code [0x000001be11e0b880, 0x000001be11e0cb78]
Event: 1.451 Thread 0x000001be276f0170 1011       3       java.lang.ClassLoader::getNamedPackage (73 bytes)
Event: 1.451 Thread 0x000001be276f0170 nmethod 1011 0x000001be11e0d290 code [0x000001be11e0d480, 0x000001be11e0d9e8]
Event: 1.451 Thread 0x000001be276f0170 1015   !   3       java.lang.module.ModuleReader::read (75 bytes)
Event: 1.452 Thread 0x000001be276f0170 nmethod 1015 0x000001be11e0db90 code [0x000001be11e0de20, 0x000001be11e0eb38]
Event: 1.452 Thread 0x000001be276f0170 1013   !   3       java.nio.ByteBuffer::wrap (21 bytes)
Event: 1.453 Thread 0x000001be276f0170 nmethod 1013 0x000001be11e0f090 code [0x000001be11e0f240, 0x000001be11e0f4d8]
Event: 1.453 Thread 0x000001be276f0170 1012       3       java.lang.ClassLoader::defineClass (43 bytes)
Event: 1.454 Thread 0x000001be276f0170 nmethod 1012 0x000001be11e0f610 code [0x000001be11e0f800, 0x000001be11e0fcf8]
Event: 1.454 Thread 0x000001be276f0170 1014       3       java.lang.module.ModuleReader::release (6 bytes)
Event: 1.454 Thread 0x000001be276f0170 nmethod 1014 0x000001be11e0ff90 code [0x000001be11e10140, 0x000001be11e103a8]
Event: 1.456 Thread 0x000001be276ef5d0 nmethod 1016 0x000001be19203190 code [0x000001be19203320, 0x000001be19203858]
Event: 1.456 Thread 0x000001be276ef5d0 1017       4       java.lang.StringCoding::newStringUTF8NoRepl (56 bytes)

GC Heap History (4 events):
Event: 0.991 GC heap before
{Heap before GC invocations=0 (full 0):
 garbage-first heap   total 131072K, used 13312K [0x0000000081a00000, 0x0000000100000000)
  region size 1024K, 13 young (13312K), 0 survivors (0K)
 Metaspace       used 2747K, capacity 5083K, committed 5120K, reserved 1056768K
  class space    used 299K, capacity 495K, committed 512K, reserved 1048576K
}
Event: 0.996 GC heap after
{Heap after GC invocations=1 (full 0):
 garbage-first heap   total 131072K, used 2229K [0x0000000081a00000, 0x0000000100000000)
  region size 1024K, 2 young (2048K), 2 survivors (2048K)
 Metaspace       used 2747K, capacity 5083K, committed 5120K, reserved 1056768K
  class space    used 299K, capacity 495K, committed 512K, reserved 1048576K
}
Event: 1.460 GC heap before
{Heap before GC invocations=1 (full 0):
 garbage-first heap   total 131072K, used 10421K [0x0000000081a00000, 0x0000000100000000)
  region size 1024K, 12 young (12288K), 2 survivors (2048K)
 Metaspace       used 5818K, capacity 7438K, committed 7552K, reserved 1062912K
  class space    used 706K, capacity 832K, committed 896K, reserved 1048576K
}
Event: 1.467 GC heap after
{Heap after GC invocations=2 (full 0):
 garbage-first heap   total 131072K, used 3351K [0x0000000081a00000, 0x0000000100000000)
  region size 1024K, 2 young (2048K), 2 survivors (2048K)
 Metaspace       used 5818K, capacity 7438K, committed 7552K, reserved 1062912K
  class space    used 706K, capacity 832K, committed 896K, reserved 1048576K
}

Deoptimization events (20 events):
Event: 0.514 Thread 0x000001be094a94e0 Uncommon trap: trap_request=0xffffff45 fr.pc=0x000001be191b6620 relative=0x0000000000000080
Event: 0.514 Thread 0x000001be094a94e0 Uncommon trap: reason=unstable_if action=reinterpret pc=0x000001be191b6620 method=java.lang.String.charAt(I)C @ 4 c2
Event: 0.514 Thread 0x000001be094a94e0 DEOPT PACKING pc=0x000001be191b6620 sp=0x0000003235bfef10
Event: 0.514 Thread 0x000001be094a94e0 DEOPT UNPACKING pc=0x000001be1172e42f sp=0x0000003235bfeeb0 mode 2
Event: 0.648 Thread 0x000001be094a94e0 Uncommon trap: trap_request=0xffffff45 fr.pc=0x000001be191c5164 relative=0x0000000000000724
Event: 0.648 Thread 0x000001be094a94e0 Uncommon trap: reason=unstable_if action=reinterpret pc=0x000001be191c5164 method=jdk.internal.module.Checks.isJavaIdentifier(Ljava/lang/String;)Z @ 4 c2
Event: 0.649 Thread 0x000001be094a94e0 DEOPT PACKING pc=0x000001be191c5164 sp=0x0000003235bfe320
Event: 0.649 Thread 0x000001be094a94e0 DEOPT UNPACKING pc=0x000001be1172e42f sp=0x0000003235bfe2c0 mode 2
Event: 0.659 Thread 0x000001be094a94e0 Uncommon trap: trap_request=0xffffff45 fr.pc=0x000001be191c79cc relative=0x000000000000012c
Event: 0.659 Thread 0x000001be094a94e0 Uncommon trap: reason=unstable_if action=reinterpret pc=0x000001be191c79cc method=java.lang.String.startsWith(Ljava/lang/String;I)Z @ 1 c2
Event: 0.659 Thread 0x000001be094a94e0 DEOPT PACKING pc=0x000001be191c79cc sp=0x0000003235bfd3b0
Event: 0.659 Thread 0x000001be094a94e0 DEOPT UNPACKING pc=0x000001be1172e42f sp=0x0000003235bfd318 mode 2
Event: 0.677 Thread 0x000001be094a94e0 Uncommon trap: trap_request=0xffffff45 fr.pc=0x000001be191cbd98 relative=0x0000000000000ef8
Event: 0.677 Thread 0x000001be094a94e0 Uncommon trap: reason=unstable_if action=reinterpret pc=0x000001be191cbd98 method=java.util.HashMap.putVal(ILjava/lang/Object;Ljava/lang/Object;ZZ)Ljava/lang/Object; @ 193 c2
Event: 0.677 Thread 0x000001be094a94e0 DEOPT PACKING pc=0x000001be191cbd98 sp=0x0000003235bfdfb0
Event: 0.677 Thread 0x000001be094a94e0 DEOPT UNPACKING pc=0x000001be1172e42f sp=0x0000003235bfdee8 mode 2
Event: 1.037 Thread 0x000001be094a94e0 DEOPT PACKING pc=0x000001be11d73a27 sp=0x0000003235bfe1d0
Event: 1.037 Thread 0x000001be094a94e0 DEOPT UNPACKING pc=0x000001be1172e23f sp=0x0000003235bfd5f0 mode 0
Event: 1.049 Thread 0x000001be094a94e0 DEOPT PACKING pc=0x000001be11d6e44f sp=0x0000003235bfe1a0
Event: 1.049 Thread 0x000001be094a94e0 DEOPT UNPACKING pc=0x000001be1172e23f sp=0x0000003235bfd638 mode 0

Classes unloaded (0 events):
No events

Classes redefined (0 events):
No events

Internal exceptions (18 events):
Event: 0.150 Thread 0x000001be094a94e0 Exception <a 'java/lang/NoSuchMethodError'{0x00000000899fb6d8}: 'void java.lang.invoke.DirectMethodHandle$Holder.invokeVirtual(java.lang.Object, java.lang.Object)'> (0x00000000899fb6d8) 
thrown [./open/src/hotspot/share/interpreter/linkResolver.cpp, line 782]
Event: 0.315 Thread 0x000001be094a94e0 Exception <a 'java/lang/NoSuchMethodError'{0x000000008978f290}: 'void java.lang.invoke.DirectMethodHandle$Holder.invokeSpecial(java.lang.Object, java.lang.Object, java.lang.Object)'> (0x000000008978f290) 
thrown [./open/src/hotspot/share/interpreter/linkResolver.cpp, line 782]
Event: 0.413 Thread 0x000001be094a94e0 Exception <a 'java/lang/NoSuchMethodError'{0x000000008936f3e8}: 'void java.lang.invoke.DirectMethodHandle$Holder.invokeSpecial(java.lang.Object, java.lang.Object, java.lang.Object, java.lang.Object, java.lang.Object)'> (0x000000008936f3e8) 
thrown [./open/src/hotspot/share/interpreter/linkResolver.cpp, line 782]
Event: 0.419 Thread 0x000001be094a94e0 Exception <a 'java/lang/NoSuchMethodError'{0x0000000089384038}: 'java.lang.Object java.lang.invoke.DirectMethodHandle$Holder.invokeInterface(java.lang.Object, java.lang.Object)'> (0x0000000089384038) 
thrown [./open/src/hotspot/share/interpreter/linkResolver.cpp, line 782]
Event: 0.420 Thread 0x000001be094a94e0 Exception <a 'java/lang/IncompatibleClassChangeError'{0x00000000893879d0}: Found class java.lang.Object, but interface was expected> (0x00000000893879d0) 
thrown [./open/src/hotspot/share/interpreter/linkResolver.cpp, line 848]
Event: 0.422 Thread 0x000001be094a94e0 Exception <a 'java/lang/NoSuchMethodError'{0x000000008938a9c8}: 'void java.lang.invoke.DirectMethodHandle$Holder.invokeStatic(java.lang.Object, java.lang.Object, java.lang.Object, java.lang.Object)'> (0x000000008938a9c8) 
thrown [./open/src/hotspot/share/interpreter/linkResolver.cpp, line 782]
Event: 0.520 Thread 0x000001be28510d90 Exception <a 'java/lang/NoSuchMethodError'{0x000000008924b620}: 'java.lang.Object java.lang.invoke.DirectMethodHandle$Holder.invokeStatic(java.lang.Object)'> (0x000000008924b620) 
thrown [./open/src/hotspot/share/interpreter/linkResolver.cpp, line 782]
Event: 0.521 Thread 0x000001be28510d90 Exception <a 'java/lang/NoSuchMethodError'{0x000000008924ed70}: 'java.lang.Object java.lang.invoke.DirectMethodHandle$Holder.invokeStaticInit(java.lang.Object)'> (0x000000008924ed70) 
thrown [./open/src/hotspot/share/interpreter/linkResolver.cpp, line 782]
Event: 0.528 Thread 0x000001be28510d90 Exception <a 'java/lang/ClassNotFoundException'{0x000000008925a000}: jdk/net/ExtendedSocketOptions> (0x000000008925a000) 
thrown [./open/src/hotspot/share/classfile/systemDictionary.cpp, line 295]
Event: 0.529 Thread 0x000001be28510d90 Exception <a 'java/lang/NoSuchMethodError'{0x000000008925b780}: 'void java.lang.invoke.DirectMethodHandle$Holder.invokeStatic(java.lang.Object, java.lang.Object)'> (0x000000008925b780) 
thrown [./open/src/hotspot/share/interpreter/linkResolver.cpp, line 782]
Event: 0.668 Thread 0x000001be094a94e0 Exception <a 'java/lang/NoSuchMethodError'{0x0000000088f01d18}: 'void java.lang.invoke.DirectMethodHandle$Holder.invokeStaticInit(java.lang.Object, java.lang.Object)'> (0x0000000088f01d18) 
thrown [./open/src/hotspot/share/interpreter/linkResolver.cpp, line 782]
Event: 1.149 Thread 0x000001be094a94e0 Exception <a 'java/lang/NoSuchMethodError'{0x000000008974d120}: 'void java.lang.invoke.DirectMethodHandle$Holder.invokeStatic(java.lang.Object, java.lang.Object, java.lang.Object)'> (0x000000008974d120) 
thrown [./open/src/hotspot/share/interpreter/linkResolver.cpp, line 782]
Event: 1.198 Thread 0x000001be094a94e0 Exception <a 'java/lang/NoSuchMethodError'{0x0000000089769b98}: 'int java.lang.invoke.DirectMethodHandle$Holder.invokeStaticInit(java.lang.Object, java.lang.Object, java.lang.Object)'> (0x0000000089769b98) 
thrown [./open/src/hotspot/share/interpreter/linkResolver.cpp, line 782]
Event: 1.239 Thread 0x000001be094a94e0 Exception <a 'java/lang/NoSuchMethodError'{0x00000000896a76d0}: 'java.lang.Object java.lang.invoke.DirectMethodHandle$Holder.newInvokeSpecial(java.lang.Object, java.lang.Object, int, java.lang.Object)'> (0x00000000896a76d0) 
thrown [./open/src/hotspot/share/interpreter/linkResolver.cpp, line 782]
Event: 1.240 Thread 0x000001be094a94e0 Exception <a 'java/lang/NoSuchMethodError'{0x00000000896abbb8}: 'java.lang.Object java.lang.invoke.DirectMethodHandle$Holder.invokeSpecial(java.lang.Object, java.lang.Object, java.lang.Object, int, java.lang.Object)'> (0x00000000896abbb8) 
thrown [./open/src/hotspot/share/interpreter/linkResolver.cpp, line 782]
Event: 1.328 Thread 0x000001be2881b930 Exception <a 'java/lang/NoSuchMethodError'{0x00000000894f4f70}: 'void java.lang.invoke.DirectMethodHandle$Holder.invokeStaticInit(java.lang.Object)'> (0x00000000894f4f70) 
thrown [./open/src/hotspot/share/interpreter/linkResolver.cpp, line 782]
Event: 1.333 Thread 0x000001be094a94e0 Exception <a 'java/lang/NoSuchMethodError'{0x000000008931daa8}: 'java.lang.Object java.lang.invoke.DirectMethodHandle$Holder.newInvokeSpecial(java.lang.Object, java.lang.Object, java.lang.Object, java.lang.Object, java.lang.Object, java.lang.Object)'> (0x000000008931daa8) 
thrown [./open/src/hotspot/share/interpreter/linkResolver.cpp, line 782]
Event: 1.389 Thread 0x000001be094a94e0 Exception <a 'java/lang/NoSuchMethodError'{0x0000000089278b20}: 'java.lang.Object java.lang.invoke.DirectMethodHandle$Holder.newInvokeSpecial(java.lang.Object, java.lang.Object, java.lang.Object, java.lang.Object, java.lang.Object)'> (0x0000000089278b20) 
thrown [./open/src/hotspot/share/interpreter/linkResolver.cpp, line 782]

Events (20 events):
Event: 1.363 loading class java/lang/Class$AnnotationData done
Event: 1.385 loading class java/lang/StackTraceElement$HashedModules
Event: 1.385 loading class java/lang/StackTraceElement$HashedModules done
Event: 1.390 Thread 0x000001be28a1bc40 Thread added: 0x000001be28a1bc40
Event: 1.398 Loaded shared library C:\Program Files\Java\jdk-15.0.2\bin\zip.dll
Event: 1.416 loading class java/util/EventObject
Event: 1.416 loading class java/util/EventObject done
Event: 1.430 loading class java/lang/CloneNotSupportedException
Event: 1.430 loading class java/lang/CloneNotSupportedException done
Event: 1.433 loading class java/util/EventListener
Event: 1.433 loading class java/util/EventListener done
Event: 1.444 loading class java/util/AbstractList$RandomAccessSubList
Event: 1.444 loading class java/util/AbstractList$SubList
Event: 1.444 loading class java/util/AbstractList$SubList done
Event: 1.444 loading class java/util/AbstractList$RandomAccessSubList done
Event: 1.445 loading class java/util/AbstractList$SubList$1
Event: 1.445 loading class java/util/AbstractList$SubList$1 done
Event: 1.445 loading class java/util/AbstractList$ListItr
Event: 1.445 loading class java/util/AbstractList$ListItr done
Event: 1.459 Executing VM operation: CollectForMetadataAllocation


Dynamic libraries:
0x00007ff678db0000 - 0x00007ff678dbf000 	C:\Program Files\Java\jdk-15.0.2\bin\java.exe
0x00007fff72a30000 - 0x00007fff72c28000 	C:\WINDOWS\SYSTEM32\ntdll.dll
0x00007fff70b50000 - 0x00007fff70c0d000 	C:\WINDOWS\System32\KERNEL32.DLL
0x00007fff70320000 - 0x00007fff70616000 	C:\WINDOWS\System32\KERNELBASE.dll
0x00007fff700f0000 - 0x00007fff701f0000 	C:\WINDOWS\System32\ucrtbase.dll
0x00007fff5abd0000 - 0x00007fff5abe9000 	C:\Program Files\Java\jdk-15.0.2\bin\VCRUNTIME140.dll
0x00007fff580b0000 - 0x00007fff580c8000 	C:\Program Files\Java\jdk-15.0.2\bin\jli.dll
0x00007fff724c0000 - 0x00007fff72573000 	C:\WINDOWS\System32\ADVAPI32.dll
0x00007fff71910000 - 0x00007fff719ae000 	C:\WINDOWS\System32\msvcrt.dll
0x00007fff72110000 - 0x00007fff721af000 	C:\WINDOWS\System32\sechost.dll
0x00007fff71340000 - 0x00007fff71466000 	C:\WINDOWS\System32\RPCRT4.dll
0x00007fff70690000 - 0x00007fff706b7000 	C:\WINDOWS\System32\bcrypt.dll
0x00007fff71080000 - 0x00007fff7121e000 	C:\WINDOWS\System32\USER32.dll
0x00007fff702f0000 - 0x00007fff70312000 	C:\WINDOWS\System32\win32u.dll
0x00007fff72400000 - 0x00007fff7242b000 	C:\WINDOWS\System32\GDI32.dll
0x00007fff707f0000 - 0x00007fff70907000 	C:\WINDOWS\System32\gdi32full.dll
0x00007fff706c0000 - 0x00007fff7075d000 	C:\WINDOWS\System32\msvcp_win.dll
0x00007fff53340000 - 0x00007fff535da000 	C:\WINDOWS\WinSxS\amd64_microsoft.windows.common-controls_6595b64144ccf1df_6.0.19041.3636_none_60b6a03d71f818d5\COMCTL32.dll
0x00007fff68da0000 - 0x00007fff68daa000 	C:\WINDOWS\SYSTEM32\VERSION.dll
0x00007fff70c90000 - 0x00007fff70cc2000 	C:\WINDOWS\System32\IMM32.DLL
0x00007fff581e0000 - 0x00007fff581ec000 	C:\Program Files\Java\jdk-15.0.2\bin\vcruntime140_1.dll
0x00007fff28bb0000 - 0x00007fff28c41000 	C:\Program Files\Java\jdk-15.0.2\bin\msvcp140.dll
0x00007fff277a0000 - 0x00007fff282fe000 	C:\Program Files\Java\jdk-15.0.2\bin\server\jvm.dll
0x00007fff719b0000 - 0x00007fff719b8000 	C:\WINDOWS\System32\PSAPI.DLL
0x00007fff56ca0000 - 0x00007fff56ca9000 	C:\WINDOWS\SYSTEM32\WSOCK32.dll
0x00007fff712d0000 - 0x00007fff7133b000 	C:\WINDOWS\System32\WS2_32.dll
0x00007fff49470000 - 0x00007fff49497000 	C:\WINDOWS\SYSTEM32\WINMM.dll
0x00007fff6e930000 - 0x00007fff6e942000 	C:\WINDOWS\SYSTEM32\kernel.appcore.dll
0x00007fff4be70000 - 0x00007fff4be7a000 	C:\Program Files\Java\jdk-15.0.2\bin\jimage.dll
0x00007fff6deb0000 - 0x00007fff6e094000 	C:\WINDOWS\SYSTEM32\DBGHELP.DLL
0x00007fff58ff0000 - 0x00007fff59024000 	C:\WINDOWS\SYSTEM32\dbgcore.DLL
0x00007fff70760000 - 0x00007fff707e2000 	C:\WINDOWS\System32\bcryptPrimitives.dll
0x00007fff6aaf0000 - 0x00007fff6aafe000 	C:\Program Files\Java\jdk-15.0.2\bin\instrument.dll
0x00007fff3da90000 - 0x00007fff3dab5000 	C:\Program Files\Java\jdk-15.0.2\bin\java.dll
0x00007fff719c0000 - 0x00007fff72105000 	C:\WINDOWS\System32\SHELL32.dll
0x00007fff6e180000 - 0x00007fff6e91c000 	C:\WINDOWS\SYSTEM32\windows.storage.dll
0x00007fff71470000 - 0x00007fff717c4000 	C:\WINDOWS\System32\combase.dll
0x00007fff6fa50000 - 0x00007fff6fa7e000 	C:\WINDOWS\SYSTEM32\Wldp.dll
0x00007fff721b0000 - 0x00007fff7227d000 	C:\WINDOWS\System32\OLEAUT32.dll
0x00007fff722f0000 - 0x00007fff7239d000 	C:\WINDOWS\System32\SHCORE.dll
0x00007fff70c30000 - 0x00007fff70c85000 	C:\WINDOWS\System32\shlwapi.dll
0x00007fff70020000 - 0x00007fff70045000 	C:\WINDOWS\SYSTEM32\profapi.dll
0x00007fff28b90000 - 0x00007fff28ba9000 	C:\Program Files\Java\jdk-15.0.2\bin\net.dll
0x00007fff641d0000 - 0x00007fff642da000 	C:\WINDOWS\SYSTEM32\WINHTTP.dll
0x00007fff6f7b0000 - 0x00007fff6f81a000 	C:\WINDOWS\system32\mswsock.dll
0x00007fff28b70000 - 0x00007fff28b82000 	C:\Program Files\Java\jdk-15.0.2\bin\nio.dll
0x00007fff28b50000 - 0x00007fff28b68000 	C:\Program Files\Java\jdk-15.0.2\bin\zip.dll
0x00007fff6aa90000 - 0x00007fff6aaaa000 	C:\Program Files\JetBrains\IntelliJ IDEA 2023.3.3\bin\breakgen64.dll
0x000001be09410000 - 0x000001be09413000 	C:\Users\GTO\.openjfx\cache\17.0.6\api-ms-win-core-console-l1-1-0.dll
0x000001be09420000 - 0x000001be09423000 	C:\Users\GTO\.openjfx\cache\17.0.6\api-ms-win-core-console-l1-2-0.dll
0x000001be09430000 - 0x000001be09433000 	C:\Users\GTO\.openjfx\cache\17.0.6\api-ms-win-core-datetime-l1-1-0.dll
0x000001be09440000 - 0x000001be09443000 	C:\Users\GTO\.openjfx\cache\17.0.6\api-ms-win-core-debug-l1-1-0.dll
0x000001be09450000 - 0x000001be09453000 	C:\Users\GTO\.openjfx\cache\17.0.6\api-ms-win-core-errorhandling-l1-1-0.dll
0x000001be09460000 - 0x000001be09464000 	C:\Users\GTO\.openjfx\cache\17.0.6\api-ms-win-core-file-l1-1-0.dll
0x000001be09470000 - 0x000001be09473000 	C:\Users\GTO\.openjfx\cache\17.0.6\api-ms-win-core-file-l1-2-0.dll
0x000001be28c70000 - 0x000001be28c73000 	C:\Users\GTO\.openjfx\cache\17.0.6\api-ms-win-core-file-l2-1-0.dll
0x000001be28c80000 - 0x000001be28c83000 	C:\Users\GTO\.openjfx\cache\17.0.6\api-ms-win-core-handle-l1-1-0.dll
0x000001be28c90000 - 0x000001be28c93000 	C:\Users\GTO\.openjfx\cache\17.0.6\api-ms-win-core-heap-l1-1-0.dll
0x000001be28ca0000 - 0x000001be28ca3000 	C:\Users\GTO\.openjfx\cache\17.0.6\api-ms-win-core-interlocked-l1-1-0.dll
0x000001be28cb0000 - 0x000001be28cb3000 	C:\Users\GTO\.openjfx\cache\17.0.6\api-ms-win-core-libraryloader-l1-1-0.dll
0x000001be28cc0000 - 0x000001be28cc3000 	C:\Users\GTO\.openjfx\cache\17.0.6\api-ms-win-core-localization-l1-2-0.dll
0x000001be28cd0000 - 0x000001be28cd3000 	C:\Users\GTO\.openjfx\cache\17.0.6\api-ms-win-core-memory-l1-1-0.dll
0x000001be28ce0000 - 0x000001be28ce3000 	C:\Users\GTO\.openjfx\cache\17.0.6\api-ms-win-core-namedpipe-l1-1-0.dll
0x000001be28cf0000 - 0x000001be28cf3000 	C:\Users\GTO\.openjfx\cache\17.0.6\api-ms-win-core-processenvironment-l1-1-0.dll
0x000001be28d00000 - 0x000001be28d03000 	C:\Users\GTO\.openjfx\cache\17.0.6\api-ms-win-core-processthreads-l1-1-0.dll
0x000001be28d10000 - 0x000001be28d13000 	C:\Users\GTO\.openjfx\cache\17.0.6\api-ms-win-core-processthreads-l1-1-1.dll
0x000001be28d20000 - 0x000001be28d23000 	C:\Users\GTO\.openjfx\cache\17.0.6\api-ms-win-core-profile-l1-1-0.dll
0x000001be28d30000 - 0x000001be28d33000 	C:\Users\GTO\.openjfx\cache\17.0.6\api-ms-win-core-rtlsupport-l1-1-0.dll
0x000001be28d40000 - 0x000001be28d43000 	C:\Users\GTO\.openjfx\cache\17.0.6\api-ms-win-core-string-l1-1-0.dll
0x000001be28d50000 - 0x000001be28d53000 	C:\Users\GTO\.openjfx\cache\17.0.6\api-ms-win-core-synch-l1-1-0.dll
0x000001be28d80000 - 0x000001be28d83000 	C:\Users\GTO\.openjfx\cache\17.0.6\api-ms-win-core-synch-l1-2-0.dll
0x000001be28d60000 - 0x000001be28d63000 	C:\Users\GTO\.openjfx\cache\17.0.6\api-ms-win-core-sysinfo-l1-1-0.dll
0x000001be28d70000 - 0x000001be28d73000 	C:\Users\GTO\.openjfx\cache\17.0.6\api-ms-win-core-timezone-l1-1-0.dll
0x000001be28d90000 - 0x000001be28d93000 	C:\Users\GTO\.openjfx\cache\17.0.6\api-ms-win-core-util-l1-1-0.dll
0x000001be28dc0000 - 0x000001be28dc3000 	C:\Users\GTO\.openjfx\cache\17.0.6\api-ms-win-crt-conio-l1-1-0.dll
0x000001be28da0000 - 0x000001be28da4000 	C:\Users\GTO\.openjfx\cache\17.0.6\api-ms-win-crt-convert-l1-1-0.dll
0x000001be28db0000 - 0x000001be28db3000 	C:\Users\GTO\.openjfx\cache\17.0.6\api-ms-win-crt-environment-l1-1-0.dll
0x000001be28dd0000 - 0x000001be28dd3000 	C:\Users\GTO\.openjfx\cache\17.0.6\api-ms-win-crt-filesystem-l1-1-0.dll
0x000001be28de0000 - 0x000001be28de3000 	C:\Users\GTO\.openjfx\cache\17.0.6\api-ms-win-crt-heap-l1-1-0.dll
0x000001be28df0000 - 0x000001be28df3000 	C:\Users\GTO\.openjfx\cache\17.0.6\api-ms-win-crt-locale-l1-1-0.dll
0x000001be28e00000 - 0x000001be28e05000 	C:\Users\GTO\.openjfx\cache\17.0.6\api-ms-win-crt-math-l1-1-0.dll
0x000001be28e10000 - 0x000001be28e15000 	C:\Users\GTO\.openjfx\cache\17.0.6\api-ms-win-crt-multibyte-l1-1-0.dll
0x000001be28e20000 - 0x000001be28e30000 	C:\Users\GTO\.openjfx\cache\17.0.6\api-ms-win-crt-private-l1-1-0.dll
0x000001be28e30000 - 0x000001be28e33000 	C:\Users\GTO\.openjfx\cache\17.0.6\api-ms-win-crt-process-l1-1-0.dll
0x000001be28e40000 - 0x000001be28e44000 	C:\Users\GTO\.openjfx\cache\17.0.6\api-ms-win-crt-runtime-l1-1-0.dll
0x000001be28e50000 - 0x000001be28e54000 	C:\Users\GTO\.openjfx\cache\17.0.6\api-ms-win-crt-stdio-l1-1-0.dll
0x000001be28e60000 - 0x000001be28e64000 	C:\Users\GTO\.openjfx\cache\17.0.6\api-ms-win-crt-string-l1-1-0.dll
0x000001be28e70000 - 0x000001be28e73000 	C:\Users\GTO\.openjfx\cache\17.0.6\api-ms-win-crt-time-l1-1-0.dll
0x000001be28e80000 - 0x000001be28e83000 	C:\Users\GTO\.openjfx\cache\17.0.6\api-ms-win-crt-utility-l1-1-0.dll
0x00007fff4d6c0000 - 0x00007fff4d7bc000 	C:\Users\GTO\.openjfx\cache\17.0.6\ucrtbase.dll
0x00007fff6aa70000 - 0x00007fff6aa8a000 	C:\Users\GTO\.openjfx\cache\17.0.6\vcruntime140.dll
0x00007fff6aa60000 - 0x00007fff6aa6c000 	C:\Users\GTO\.openjfx\cache\17.0.6\vcruntime140_1.dll
0x00007fff4d630000 - 0x00007fff4d6bd000 	C:\Users\GTO\.openjfx\cache\17.0.6\msvcp140.dll
0x00007fff6aa20000 - 0x00007fff6aa29000 	C:\Users\GTO\.openjfx\cache\17.0.6\msvcp140_1.dll
0x00007fff686d0000 - 0x00007fff686ff000 	C:\Users\GTO\.openjfx\cache\17.0.6\msvcp140_2.dll
0x00007fff669c0000 - 0x00007fff669ea000 	C:\Users\GTO\.openjfx\cache\17.0.6\prism_d3d.dll
0x00007fff472d0000 - 0x00007fff4749d000 	C:\WINDOWS\system32\d3d9.dll
0x00007fff6db00000 - 0x00007fff6db2f000 	C:\WINDOWS\SYSTEM32\dwmapi.dll
0x00007fff6d740000 - 0x00007fff6d7de000 	C:\WINDOWS\system32\uxtheme.dll
0x00007fff436a0000 - 0x00007fff4384f000 	C:\WINDOWS\System32\DriverStore\FileRepository\iigd_dch.inf_amd64_51f685305808e3a5\igdumdim64.dll
0x00007fff717d0000 - 0x00007fff718fb000 	C:\WINDOWS\System32\ole32.dll
0x00007fff342d0000 - 0x00007fff37373000 	C:\WINDOWS\System32\DriverStore\FileRepository\iigd_dch.inf_amd64_51f685305808e3a5\igd9dxva64.dll
0x00007fff72580000 - 0x00007fff729ee000 	C:\WINDOWS\System32\SETUPAPI.dll
0x00007fff701f0000 - 0x00007fff7023e000 	C:\WINDOWS\System32\cfgmgr32.dll
0x00007fff62a70000 - 0x00007fff62e79000 	C:\WINDOWS\System32\DriverStore\FileRepository\iigd_dch.inf_amd64_51f685305808e3a5\igdgmm64.dll
0x00007fff57b40000 - 0x00007fff57b82000 	C:\Users\GTO\.openjfx\cache\17.0.6\glass.dll
0x00007fff70a70000 - 0x00007fff70b4a000 	C:\WINDOWS\System32\COMDLG32.dll
0x00007fff70cd0000 - 0x00007fff70de4000 	C:\WINDOWS\System32\MSCTF.dll
0x00007fff6aa30000 - 0x00007fff6aa57000 	C:\WINDOWS\System32\DriverStore\FileRepository\iigd_dch.inf_amd64_51f685305808e3a5\igdinfo64.dll
0x00007fff5f2d0000 - 0x00007fff62a64000 	C:\WINDOWS\System32\DriverStore\FileRepository\iigd_dch.inf_amd64_51f685305808e3a5\igc64.dll
0x00007fff65cf0000 - 0x00007fff65d2b000 	C:\WINDOWS\SYSTEM32\dxcore.dll

dbghelp: loaded successfully - version: 4.0.5 - missing functions: none
symbol engine: initialized successfully - sym options: 0x614 - pdb path: .;C:\Program Files\Java\jdk-15.0.2\bin;C:\WINDOWS\SYSTEM32;C:\WINDOWS\WinSxS\amd64_microsoft.windows.common-controls_6595b64144ccf1df_6.0.19041.3636_none_60b6a03d71f818d5;C:\Program Files\Java\jdk-15.0.2\bin\server;C:\Program Files\JetBrains\IntelliJ IDEA 2023.3.3\bin;C:\Users\GTO\.openjfx\cache\17.0.6;C:\WINDOWS\System32\DriverStore\FileRepository\iigd_dch.inf_amd64_51f685305808e3a5

VM Arguments:
jvm_args: -javaagent:C:\Program Files\JetBrains\IntelliJ IDEA 2023.3.3\lib\idea_rt.jar=50169:C:\Program Files\JetBrains\IntelliJ IDEA 2023.3.3\bin -Dfile.encoding=UTF-8 --module-path=C:\Users\GTO\IdeaProjects\TAP2024\target\classes;C:\Users\GTO\.m2\repository\org\openjfx\javafx-fxml\17.0.6\javafx-fxml-17.0.6-win.jar;C:\Users\GTO\.m2\repository\com\mysql\mysql-connector-j\8.0.32\mysql-connector-j-8.0.32.jar;C:\Users\GTO\.m2\repository\org\openjfx\javafx-base\17.0.6\javafx-base-17.0.6-win.jar;C:\Users\GTO\.m2\repository\org\openjfx\javafx-graphics\17.0.6\javafx-graphics-17.0.6-win.jar;C:\Users\GTO\.m2\repository\org\openjfx\javafx-controls\17.0.6\javafx-controls-17.0.6-win.jar -Djdk.module.main=com.example.tap2024 
java_command: com.example.tap2024/com.example.tap2024.HelloApplication
java_class_path (initial): C:\Users\GTO\.m2\repository\org\openjfx\javafx-controls\17.0.6\javafx-controls-17.0.6.jar;C:\Users\GTO\.m2\repository\org\openjfx\javafx-graphics\17.0.6\javafx-graphics-17.0.6.jar;C:\Users\GTO\.m2\repository\org\openjfx\javafx-base\17.0.6\javafx-base-17.0.6.jar;C:\Users\GTO\.m2\repository\org\openjfx\javafx-fxml\17.0.6\javafx-fxml-17.0.6.jar;C:\Users\GTO\.m2\repository\com\google\protobuf\protobuf-java\3.21.9\protobuf-java-3.21.9.jar
Launcher Type: SUN_STANDARD

[Global flags]
     intx CICompilerCount                          = 3                                         {product} {ergonomic}
     uint ConcGCThreads                            = 1                                         {product} {ergonomic}
     uint G1ConcRefinementThreads                  = 4                                         {product} {ergonomic}
   size_t G1HeapRegionSize                         = 1048576                                   {product} {ergonomic}
    uintx GCDrainStackTargetSize                   = 64                                        {product} {ergonomic}
   size_t InitialHeapSize                          = 134217728                                 {product} {ergonomic}
   size_t MarkStackSize                            = 4194304                                   {product} {ergonomic}
   size_t MaxHeapSize                              = 2120220672                                {product} {ergonomic}
   size_t MaxNewSize                               = 1271922688                                {product} {ergonomic}
   size_t MinHeapDeltaBytes                        = 1048576                                   {product} {ergonomic}
   size_t MinHeapSize                              = 8388608                                   {product} {ergonomic}
    uintx NonNMethodCodeHeapSize                   = 5832780                                {pd product} {ergonomic}
    uintx NonProfiledCodeHeapSize                  = 122912730                              {pd product} {ergonomic}
    uintx ProfiledCodeHeapSize                     = 122912730                              {pd product} {ergonomic}
    uintx ReservedCodeCacheSize                    = 251658240                              {pd product} {ergonomic}
     bool SegmentedCodeCache                       = true                                      {product} {ergonomic}
   size_t SoftMaxHeapSize                          = 2120220672                             {manageable} {ergonomic}
     bool UseCompressedClassPointers               = true                                 {lp64_product} {ergonomic}
     bool UseCompressedOops                        = true                                 {lp64_product} {ergonomic}
     bool UseG1GC                                  = true                                      {product} {ergonomic}
     bool UseLargePagesIndividualAllocation        = false                                  {pd product} {ergonomic}

Logging:
Log output configuration:
 #0: stdout all=warning uptime,level,tags
 #1: stderr all=off uptime,level,tags

Environment Variables:
PATH=C:\Program Files\Common Files\Oracle\Java\javapath;C:\WINDOWS\system32;C:\WINDOWS;C:\WINDOWS\System32\Wbem;C:\WINDOWS\System32\WindowsPowerShell\v1.0\;C:\WINDOWS\System32\OpenSSH\;C:\Program Files (x86)\Microsoft SQL Server\160\DTS\Binn\;C:\Program Files\Azure Data Studio\bin;C:\Program Files (x86)\Microsoft SQL Server\160\Tools\Binn\;C:\Program Files\Microsoft SQL Server\160\Tools\Binn\;C:\Program Files\Microsoft SQL Server\Client SDK\ODBC\170\Tools\Binn\;C:\Program Files\Microsoft SQL Server\160\DTS\Binn\;C:\Program Files\Microsoft SQL Server\150\Tools\Binn\;C:\Program Files\Git\cmd;C:\Program Files\PuTTY\;C:\Users\GTO\AppData\Local\Programs\Python\Python312\Scripts\;C:\Users\GTO\AppData\Local\Programs\Python\Python312\;C:\Users\GTO\AppData\Local\Microsoft\WindowsApps;;C:\Program Files\JetBrains\DataGrip 2022.3.3\bin;;C:\Program Files\Azure Data Studio\bin;C:\Users\GTO\AppData\Local\Programs\Microsoft VS Code\bin;C:\Program Files\JetBrains\PyCharm 2023.3.3\bin;
USERNAME=GTO
OS=Windows_NT
PROCESSOR_IDENTIFIER=Intel64 Family 6 Model 142 Stepping 12, GenuineIntel



---------------  S Y S T E M  ---------------

OS:
 Windows 10 , 64 bit Build 19041 (10.0.19041.3636)
OS uptime: 0 days 0:31 hours

CPU: total 4 (initial active 4) (2 cores per cpu, 2 threads per core) family 6 model 142 stepping 12 microcode 0xb8, cmov, cx8, fxsr, mmx, sse, sse2, sse3, ssse3, sse4.1, sse4.2, popcnt, vzeroupper, avx, avx2, aes, clmul, erms, 3dnowpref, lzcnt, ht, tsc, tscinvbit, bmi1, bmi2, adx, fma, clflush, clflushopt

Memory: 4k page, system-wide physical 8083M (2201M free)
TotalPageFile size 8262M (AvailPageFile size 5M)
current process WorkingSet (physical memory assigned to process): 91M, peak: 91M
current process commit charge ("private bytes"): 240M, peak: 241M

vm_info: Java HotSpot(TM) 64-Bit Server VM (15.0.2+7-27) for windows-amd64 JRE (15.0.2+7-27), built on Dec  7 2020 20:07:01 by "mach5one" with unknown MS VC++:1925

END.
